<?xml version="1.0" encoding="UTF-8"?>
<!-- Generated by org.testng.reporters.JUnitXMLReporter -->
<testsuite hostname="LTIN254647" ignored="4" name="FunctionalTesting" tests="6" failures="0" timestamp="05 Jan 2022 09:25:49 GMT" time="30.03" errors="0">
  <testcase name="openUrl" time="3.104" classname="com.Base.Base"/>
  <testcase name="openUrl" time="1.586" classname="com.Base.Base"/>
  <testcase name="openUrl" time="1.696" classname="com.Base.Base"/>
  <testcase name="sports" time="10.483" classname="com.Bookmyshow.Pages.FIndSports"/>
  <testcase name="movie" time="4.668" classname="com.Bookmyshow.Pages.MovieLanguages"/>
  <testcase name="signin" time="8.464" classname="com.Bookmyshow.Pages.SignIn"/>
  <testcase name="@BeforeSuite driverSetup" time="0.0" classname="com.Base.Base">
    <ignored/>
  </testcase> <!-- @BeforeSuite driverSetup -->
  <testcase name="@BeforeSuite driverSetup" time="0.0" classname="com.Base.Base">
    <ignored/>
  </testcase> <!-- @BeforeSuite driverSetup -->
  <testcase name="@AfterSuite closeBrowser" time="0.0" classname="com.Base.Base">
    <ignored/>
  </testcase> <!-- @AfterSuite closeBrowser -->
  <testcase name="@AfterSuite closeBrowser" time="0.0" classname="com.Base.Base">
    <ignored/>
  </testcase> <!-- @AfterSuite closeBrowser -->
</testsuite> <!-- FunctionalTesting -->
