<?xml version="1.0" encoding="UTF-8"?>
<!-- Generated by org.testng.reporters.JUnitXMLReporter -->
<testsuite hostname="LTIN254647" ignored="4" name="RegressionTesting" tests="6" failures="0" timestamp="06 Jan 2022 13:24:05 GMT" time="36.299" errors="0">
  <testcase name="openUrl" time="4.402" classname="com.Base.Base"/>
  <testcase name="openUrl" time="3.006" classname="com.Base.Base"/>
  <testcase name="openUrl" time="1.549" classname="com.Base.Base"/>
  <testcase name="sports" time="13.478" classname="com.Bookmyshow.Pages.FIndSports"/>
  <testcase name="movie" time="4.836" classname="com.Bookmyshow.Pages.MovieLanguages"/>
  <testcase name="signin" time="8.99" classname="com.Bookmyshow.Pages.SignIn"/>
  <testcase name="@BeforeSuite driverSetup" time="0.0" classname="com.Base.Base">
    <ignored/>
  </testcase> <!-- @BeforeSuite driverSetup -->
  <testcase name="@BeforeSuite driverSetup" time="0.0" classname="com.Base.Base">
    <ignored/>
  </testcase> <!-- @BeforeSuite driverSetup -->
  <testcase name="@AfterSuite closeBrowser" time="0.0" classname="com.Base.Base">
    <ignored/>
  </testcase> <!-- @AfterSuite closeBrowser -->
  <testcase name="@AfterSuite closeBrowser" time="0.0" classname="com.Base.Base">
    <ignored/>
  </testcase> <!-- @AfterSuite closeBrowser -->
</testsuite> <!-- RegressionTesting -->
