<?xml version="1.0" encoding="UTF-8"?>
<!-- Generated by org.testng.reporters.JUnitXMLReporter -->
<testsuite hostname="LTIN254647" ignored="4" name="RegressionTesting" tests="6" failures="0" timestamp="05 Jan 2022 14:58:57 GMT" time="32.891" errors="0">
  <testcase name="openUrl" time="3.079" classname="com.Base.Base"/>
  <testcase name="openUrl" time="1.653" classname="com.Base.Base"/>
  <testcase name="openUrl" time="1.788" classname="com.Base.Base"/>
  <testcase name="sports" time="10.561" classname="com.Bookmyshow.Pages.FIndSports"/>
  <testcase name="movie" time="4.767" classname="com.Bookmyshow.Pages.MovieLanguages"/>
  <testcase name="signin" time="11.014" classname="com.Bookmyshow.Pages.SignIn"/>
  <testcase name="@BeforeSuite driverSetup" time="0.0" classname="com.Base.Base">
    <ignored/>
  </testcase> <!-- @BeforeSuite driverSetup -->
  <testcase name="@BeforeSuite driverSetup" time="0.0" classname="com.Base.Base">
    <ignored/>
  </testcase> <!-- @BeforeSuite driverSetup -->
  <testcase name="@AfterSuite closeBrowser" time="0.0" classname="com.Base.Base">
    <ignored/>
  </testcase> <!-- @AfterSuite closeBrowser -->
  <testcase name="@AfterSuite closeBrowser" time="0.0" classname="com.Base.Base">
    <ignored/>
  </testcase> <!-- @AfterSuite closeBrowser -->
</testsuite> <!-- RegressionTesting -->
