<?xml version="1.0" encoding="UTF-8"?>
<testsuite xmlns:xsi="http://www.w3.org/2001/XMLSchema-instance" xsi:noNamespaceSchemaLocation="https://maven.apache.org/surefire/maven-surefire-plugin/xsd/surefire-test-report-3.0.xsd" version="3.0" name="TestSuite" time="46.202" tests="6" errors="0" skipped="0" failures="0">
  <properties>
[...]
</properties>
  <testcase name="openUrl" classname="com.Bookmyshow.Pages.FIndSports" time="3.066">
    <system-out><![CDATA[[TestNGContentHandler] [WARN] It is strongly recommended to add "<!DOCTYPE suite SYSTEM "http://testng.org/testng-1.0.dtd" >" at the top of your file, otherwise TestNG may fail or not work as expected.
]]></system-out>
    <system-err><![CDATA[Starting MSEdgeDriver 96.0.1054.29 (246a8e9ebf93f8030a2621db729eab9fb19be0a1) on port 10912
Only local connections are allowed.
Please see https://chromedriver.chromium.org/security-considerations for suggestions on keeping MSEdgeDriver safe.
MSEdgeDriver was started successfully.
Jan 05, 2022 8:28:23 PM org.openqa.selenium.remote.ProtocolHandshake createSession
INFO: Detected dialect: W3C
]]></system-err>
  </testcase>
  <testcase name="sports" classname="com.Bookmyshow.Pages.FIndSports" time="10.563">
    <system-out><![CDATA[Archery Workshop At Calcutta Polo Club - ₹ 499 onwards
Online Game - Lost Treasure of Sundarbans - ₹ 199
Online Game - Flight 9032 Murder Mystery - ₹ 199
Call of Duty Mobile Tournament - ₹ 300 onwards
Free Fire Solo And Squad (Bermuda) - ₹ 100 onwards
BGMI Tournament - Everynight - ₹ 99 onwards
Johnson Call Of Duty Mobile Tournament - ₹ 100 onwards
Battlegrounds Mobile India Tournament - ₹ 125 onwards
Knight Chess Championship - ₹ 125 onwards
Online Game - Mission Black Terror - ₹ 199
Indian Chess League 2021 - ₹ 99 onwards
Climber Fun Quiz - ₹ 250
Weekly Chess Maha Muqabla - ₹ 225 onwards
]]></system-out>
  </testcase>
  <testcase name="openUrl" classname="com.Bookmyshow.Pages.MovieLanguages" time="1.654"/>
  <testcase name="movie" classname="com.Bookmyshow.Pages.MovieLanguages" time="4.769">
    <system-out><![CDATA[Pushpa: The Rise - Part 01 - Telugu, Tamil, Malayalam, Kannada, Hindi
83 - Hindi, Tamil, Telugu, Kannada, Malayalam
Tonic - Bengali
Spider-Man: No Way Home - English, Hindi, Tamil, Telugu, Kannada
Antardhaan - Bengali
Chandigarh Kare Aashiqui - Hindi
Djibouti - Malayalam, Hindi, Tamil, Telugu
Ekannoborti - Bengali
Sing 2 - English
Phire Dekha - Bengali
Shyam Singha Roy - Telugu, Tamil, Malayalam, Kannada
Avijatrik - Bengali
Pushpa: The Rise - Part 01 - Telugu, Tamil, Malayalam, Kannada, Hindi
83 - Hindi, Tamil, Telugu, Kannada, Malayalam
Tonic - Bengali
Spider-Man: No Way Home - English, Hindi, Tamil, Telugu, Kannada
Antardhaan - Bengali
Chandigarh Kare Aashiqui - Hindi
Djibouti - Malayalam, Hindi, Tamil, Telugu
Ekannoborti - Bengali
Sing 2 - English
Phire Dekha - Bengali
Shyam Singha Roy - Telugu, Tamil, Malayalam, Kannada
Avijatrik - Bengali
]]></system-out>
  </testcase>
  <testcase name="openUrl" classname="com.Bookmyshow.Pages.SignIn" time="1.789"/>
  <testcase name="signin" classname="com.Bookmyshow.Pages.SignIn" time="11.012">
    <system-out><![CDATA[Error is: Enter a valid email or phone number
]]></system-out>
  </testcase>
</testsuite>