<?xml version="1.0" encoding="UTF-8"?>
<!-- Generated by org.testng.reporters.JUnitXMLReporter -->
<testsuite hostname="LTIN254647" ignored="4" name="FunctionalTesting" tests="6" failures="0" timestamp="2022-01-04T16:16:44 IST" time="37.625" errors="0">
  <testcase name="openUrl" time="5.263" classname="com.Base.Base"/>
  <testcase name="sports" time="10.56" classname="com.Bookmyshow.Pages.FIndSports"/>
  <testcase name="openUrl" time="2.87" classname="com.Base.Base"/>
  <testcase name="movie" time="5.413" classname="com.Bookmyshow.Pages.MovieLanguages"/>
  <testcase name="openUrl" time="2.052" classname="com.Base.Base"/>
  <testcase name="signin" time="11.345" classname="com.Bookmyshow.Pages.SignIn"/>
  <testcase name="@AfterSuite closeBrowser" time="0.0" classname="com.Base.Base">
    <ignored/>
  </testcase> <!-- @AfterSuite closeBrowser -->
  <testcase name="@AfterSuite closeBrowser" time="0.0" classname="com.Base.Base">
    <ignored/>
  </testcase> <!-- @AfterSuite closeBrowser -->
  <testcase name="@BeforeSuite driverSetup" time="0.0" classname="com.Base.Base">
    <ignored/>
  </testcase> <!-- @BeforeSuite driverSetup -->
  <testcase name="@BeforeSuite driverSetup" time="0.0" classname="com.Base.Base">
    <ignored/>
  </testcase> <!-- @BeforeSuite driverSetup -->
</testsuite> <!-- FunctionalTesting -->
